============================================================
  LOG DEL SISTEMA - SOFTWARE FJ
  Iniciado: 2026-05-17 11:07:28
============================================================

[2026-05-17 11:07:28] [INFO] Cliente registrado: Ana Torres
[2026-05-17 11:07:28] [ERROR] Cliente inválido: [ClienteInvalidoError] El nombre del cliente no puede estar vacío.
[2026-05-17 11:07:28] [ERROR] Correo inválido: [ClienteInvalidoError] Correo electrónico inválido: 'correo-sin-arroba'
[2026-05-17 11:07:28] [INFO] Tres servicios creados correctamente.
[2026-05-17 11:07:28] [ERROR] Servicio inválido: [ServicioNoDisponibleError] La capacidad de la sala debe ser mayor a 0. Recibido: -5
[2026-05-17 11:07:28] [INFO] Cálculo de costos exitoso.
[2026-05-17 11:07:28] [INFO] Reserva confirmada: R001
[2026-05-17 11:07:28] [ERROR] Reserva inválida: [ReservaInvalidaError] La duración debe ser un número entero mayor a 0. Recibido: 0
[2026-05-17 11:07:28] [INFO] Reserva cancelada: R003
[2026-05-17 11:07:28] [ERROR] Excepción encadenada: [ReservaInvalidaError] No se pudo crear reserva porque el cliente es inválido | Causa: [ClienteInvalidoError] Teléfono inválido: 'abc'. Solo se permiten dígitos.
[2026-05-17 11:07:28] [INFO] Sistema finalizado correctamente.
[2026-05-19 08:08:04] [INFO] Cliente registrado: Ana Torres
[2026-05-19 08:08:04] [ERROR] Cliente inválido: [ClienteInvalidoError] El nombre del cliente no puede estar vacío.
[2026-05-19 08:08:04] [ERROR] Correo inválido: [ClienteInvalidoError] Correo electrónico inválido: 'correo-sin-arroba'
[2026-05-19 08:08:04] [INFO] Tres servicios creados correctamente.
[2026-05-19 08:08:04] [ERROR] Servicio inválido: [ServicioNoDisponibleError] La capacidad de la sala debe ser mayor a 0. Recibido: -5
[2026-05-19 08:08:04] [INFO] Cálculo de costos exitoso.
[2026-05-19 08:08:04] [INFO] Reserva confirmada: R001
[2026-05-19 08:08:04] [ERROR] Reserva inválida: [ReservaInvalidaError] La duración debe ser un número entero mayor a 0. Recibido: 0
[2026-05-19 08:08:04] [INFO] Reserva cancelada: R003
[2026-05-19 08:08:04] [ERROR] Excepción encadenada: [ReservaInvalidaError] No se pudo crear reserva porque el cliente es inválido | Causa: [ClienteInvalidoError] Teléfono inválido: 'abc'. Solo se permiten dígitos.
[2026-05-19 08:08:04] [INFO] Sistema finalizado correctamente.
[2026-05-19 08:08:49] [INFO] Cliente registrado: Ana Torres
[2026-05-19 08:08:49] [ERROR] Cliente inválido: [ClienteInvalidoError] El nombre del cliente no puede estar vacío.
[2026-05-19 08:08:49] [ERROR] Correo inválido: [ClienteInvalidoError] Correo electrónico inválido: 'correo-sin-arroba'
[2026-05-19 08:08:49] [INFO] Tres servicios creados correctamente.
[2026-05-19 08:08:49] [ERROR] Servicio inválido: [ServicioNoDisponibleError] La capacidad de la sala debe ser mayor a 0. Recibido: -5
[2026-05-19 08:08:49] [INFO] Cálculo de costos exitoso.
[2026-05-19 08:08:49] [INFO] Reserva confirmada: R001
[2026-05-19 08:08:49] [ERROR] Reserva inválida: [ReservaInvalidaError] La duración debe ser un número entero mayor a 0. Recibido: 0
[2026-05-19 08:08:49] [INFO] Reserva cancelada: R003
[2026-05-19 08:08:49] [ERROR] Excepción encadenada: [ReservaInvalidaError] No se pudo crear reserva porque el cliente es inválido | Causa: [ClienteInvalidoError] Teléfono inválido: 'abc'. Solo se permiten dígitos.
[2026-05-19 08:08:49] [INFO] Sistema finalizado correctamente.
[2026-05-19 08:09:36] [INFO] Cliente registrado: Ana Torres
[2026-05-19 08:09:36] [ERROR] Cliente inválido: [ClienteInvalidoError] El nombre del cliente no puede estar vacío.
[2026-05-19 08:09:36] [ERROR] Correo inválido: [ClienteInvalidoError] Correo electrónico inválido: 'correo-sin-arroba'
[2026-05-19 08:09:36] [INFO] Tres servicios creados correctamente.
[2026-05-19 08:09:36] [ERROR] Servicio inválido: [ServicioNoDisponibleError] La capacidad de la sala debe ser mayor a 0. Recibido: -5
[2026-05-19 08:09:36] [INFO] Cálculo de costos exitoso.
[2026-05-19 08:09:36] [INFO] Reserva confirmada: R001
[2026-05-19 08:09:36] [ERROR] Reserva inválida: [ReservaInvalidaError] La duración debe ser un número entero mayor a 0. Recibido: 0
[2026-05-19 08:09:36] [INFO] Reserva cancelada: R003
[2026-05-19 08:09:36] [ERROR] Excepción encadenada: [ReservaInvalidaError] No se pudo crear reserva porque el cliente es inválido | Causa: [ClienteInvalidoError] Teléfono inválido: 'abc'. Solo se permiten dígitos.
[2026-05-19 08:09:36] [INFO] Sistema finalizado correctamente.
[2026-05-19 08:09:48] [INFO] Cliente registrado: Ana Torres
[2026-05-19 08:09:48] [ERROR] Cliente inválido: [ClienteInvalidoError] El nombre del cliente no puede estar vacío.
[2026-05-19 08:09:48] [ERROR] Correo inválido: [ClienteInvalidoError] Correo electrónico inválido: 'correo-sin-arroba'
[2026-05-19 08:09:48] [INFO] Tres servicios creados correctamente.
[2026-05-19 08:09:48] [ERROR] Servicio inválido: [ServicioNoDisponibleError] La capacidad de la sala debe ser mayor a 0. Recibido: -5
[2026-05-19 08:09:48] [INFO] Cálculo de costos exitoso.
[2026-05-19 08:09:48] [INFO] Reserva confirmada: R001
[2026-05-19 08:09:48] [ERROR] Reserva inválida: [ReservaInvalidaError] La duración debe ser un número entero mayor a 0. Recibido: 0
[2026-05-19 08:09:48] [INFO] Reserva cancelada: R003
[2026-05-19 08:09:48] [ERROR] Excepción encadenada: [ReservaInvalidaError] No se pudo crear reserva porque el cliente es inválido | Causa: [ClienteInvalidoError] Teléfono inválido: 'abc'. Solo se permiten dígitos.
[2026-05-19 08:09:48] [INFO] Sistema finalizado correctamente.
[2026-05-19 08:11:39] [INFO] Cliente registrado: Ana Torres
[2026-05-19 08:11:39] [ERROR] Cliente inválido: [ClienteInvalidoError] El nombre del cliente no puede estar vacío.
[2026-05-19 08:11:40] [ERROR] Correo inválido: [ClienteInvalidoError] Correo electrónico inválido: 'correo-sin-arroba'
[2026-05-19 08:11:40] [INFO] Tres servicios creados correctamente.
[2026-05-19 08:11:40] [ERROR] Servicio inválido: [ServicioNoDisponibleError] La capacidad de la sala debe ser mayor a 0. Recibido: -5
[2026-05-19 08:11:40] [INFO] Cálculo de costos exitoso.
[2026-05-19 08:11:40] [INFO] Reserva confirmada: R001
[2026-05-19 08:11:40] [ERROR] Reserva inválida: [ReservaInvalidaError] La duración debe ser un número entero mayor a 0. Recibido: 0
[2026-05-19 08:11:40] [INFO] Reserva cancelada: R003
[2026-05-19 08:11:40] [ERROR] Excepción encadenada: [ReservaInvalidaError] No se pudo crear reserva porque el cliente es inválido | Causa: [ClienteInvalidoError] Teléfono inválido: 'abc'. Solo se permiten dígitos.
[2026-05-19 08:11:40] [INFO] Sistema finalizado correctamente.
[2026-05-19 09:23:30] [INFO] Cliente registrado: Ana Torres
[2026-05-19 09:23:30] [ERROR] Cliente inválido: [ClienteInvalidoError] El nombre del cliente no puede estar vacío.
[2026-05-19 09:23:30] [ERROR] Correo inválido: [ClienteInvalidoError] Correo electrónico inválido: 'correo-sin-arroba'
[2026-05-19 09:23:30] [INFO] Tres servicios creados correctamente.
[2026-05-19 09:23:30] [ERROR] Servicio inválido: [ServicioNoDisponibleError] La capacidad de la sala debe ser mayor a 0. Recibido: -5
[2026-05-19 09:23:30] [INFO] Cálculo de costos exitoso.
[2026-05-19 09:23:30] [INFO] Reserva confirmada: R001
[2026-05-19 09:23:30] [ERROR] Reserva inválida: [ReservaInvalidaError] La duración debe ser un número entero mayor a 0. Recibido: 0
[2026-05-19 09:23:30] [INFO] Reserva cancelada: R003
[2026-05-19 09:23:30] [ERROR] Excepción encadenada: [ReservaInvalidaError] No se pudo crear reserva porque el cliente es inválido | Causa: [ClienteInvalidoError] Teléfono inválido: 'abc'. Solo se permiten dígitos.
[2026-05-19 09:23:30] [INFO] Sistema finalizado correctamente.
[2026-05-19 09:25:27] [INFO] Cliente registrado: Ana Torres
[2026-05-19 09:25:27] [ERROR] Cliente inválido: [ClienteInvalidoError] El nombre del cliente no puede estar vacío.
[2026-05-19 09:25:27] [ERROR] Correo inválido: [ClienteInvalidoError] Correo electrónico inválido: 'correo-sin-arroba'
[2026-05-19 09:25:27] [INFO] Tres servicios creados correctamente.
[2026-05-19 09:25:27] [ERROR] Servicio inválido: [ServicioNoDisponibleError] La capacidad de la sala debe ser mayor a 0. Recibido: -5
[2026-05-19 09:25:27] [INFO] Cálculo de costos exitoso.
[2026-05-19 09:25:27] [INFO] Reserva confirmada: R001
[2026-05-19 09:25:27] [ERROR] Reserva inválida: [ReservaInvalidaError] La duración debe ser un número entero mayor a 0. Recibido: 0
[2026-05-19 09:25:27] [INFO] Reserva cancelada: R003
[2026-05-19 09:25:27] [ERROR] Excepción encadenada: [ReservaInvalidaError] No se pudo crear reserva porque el cliente es inválido | Causa: [ClienteInvalidoError] Teléfono inválido: 'abc'. Solo se permiten dígitos.
[2026-05-19 09:25:27] [INFO] Sistema finalizado correctamente.
[2026-05-19 09:33:20] [INFO] Cliente registrado: Ana Torres
[2026-05-19 09:33:20] [ERROR] Cliente inválido: [ClienteInvalidoError] El nombre del cliente no puede estar vacío.
[2026-05-19 09:33:20] [ERROR] Correo inválido: [ClienteInvalidoError] Correo electrónico inválido: 'correo-sin-arroba'
[2026-05-19 09:33:20] [INFO] Tres servicios creados correctamente.
[2026-05-19 09:33:20] [ERROR] Servicio inválido: [ServicioNoDisponibleError] La capacidad de la sala debe ser mayor a 0. Recibido: -5
[2026-05-19 09:33:20] [INFO] Cálculo de costos exitoso.
[2026-05-19 09:33:20] [INFO] Reserva confirmada: R001
[2026-05-19 09:33:20] [ERROR] Reserva inválida: [ReservaInvalidaError] La duración debe ser un número entero mayor a 0. Recibido: 0
[2026-05-19 09:33:20] [INFO] Reserva cancelada: R003
[2026-05-19 09:33:20] [ERROR] Excepción encadenada: [ReservaInvalidaError] No se pudo crear reserva porque el cliente es inválido | Causa: [ClienteInvalidoError] Teléfono inválido: 'abc'. Solo se permiten dígitos.
[2026-05-19 09:33:20] [INFO] Sistema finalizado correctamente.
[2026-05-19 09:40:26] [INFO] Cliente registrado: Ana Torres
[2026-05-19 09:40:26] [ERROR] Cliente inválido: [ClienteInvalidoError] El nombre del cliente no puede estar vacío.
[2026-05-19 09:40:26] [ERROR] Correo inválido: [ClienteInvalidoError] Correo electrónico inválido: 'correo-sin-arroba'
[2026-05-19 09:40:26] [INFO] Tres servicios creados correctamente.
[2026-05-19 09:40:26] [ERROR] Servicio inválido: [ServicioNoDisponibleError] La capacidad de la sala debe ser mayor a 0. Recibido: -5
[2026-05-19 09:40:26] [INFO] Cálculo de costos exitoso.
[2026-05-19 09:40:26] [INFO] Reserva confirmada: R001
[2026-05-19 09:40:26] [ERROR] Reserva inválida: [ReservaInvalidaError] La duración debe ser un número entero mayor a 0. Recibido: 0
[2026-05-19 09:40:26] [INFO] Reserva cancelada: R003
[2026-05-19 09:40:26] [ERROR] Excepción encadenada: [ReservaInvalidaError] No se pudo crear reserva porque el cliente es inválido | Causa: [ClienteInvalidoError] Teléfono inválido: 'abc'. Solo se permiten dígitos.
[2026-05-19 09:40:26] [INFO] Sistema finalizado correctamente.
[2026-05-19 09:44:18] [INFO] Cliente registrado: Ana Torres
[2026-05-19 09:44:18] [ERROR] Cliente inválido: [ClienteInvalidoError] El nombre del cliente no puede estar vacío.
[2026-05-19 09:44:18] [ERROR] Correo inválido: [ClienteInvalidoError] Correo electrónico inválido: 'correo-sin-arroba'
[2026-05-19 09:44:18] [INFO] Tres servicios creados correctamente.
[2026-05-19 09:44:18] [ERROR] Servicio inválido: [ServicioNoDisponibleError] La capacidad de la sala debe ser mayor a 0. Recibido: -5
[2026-05-19 09:44:18] [INFO] Cálculo de costos exitoso.
[2026-05-19 09:44:18] [INFO] Reserva confirmada: R001
[2026-05-19 09:44:18] [ERROR] Reserva inválida: [ReservaInvalidaError] La duración debe ser un número entero mayor a 0. Recibido: 0
[2026-05-19 09:44:18] [INFO] Reserva cancelada: R003
[2026-05-19 09:44:18] [ERROR] Excepción encadenada: [ReservaInvalidaError] No se pudo crear reserva porque el cliente es inválido | Causa: [ClienteInvalidoError] Teléfono inválido: 'abc'. Solo se permiten dígitos.
[2026-05-19 09:44:18] [INFO] Sistema finalizado correctamente.
[2026-05-19 09:44:33] [INFO] Cliente registrado: Ana Torres
[2026-05-19 09:44:33] [ERROR] Cliente inválido: [ClienteInvalidoError] El nombre del cliente no puede estar vacío.
[2026-05-19 09:44:33] [ERROR] Correo inválido: [ClienteInvalidoError] Correo electrónico inválido: 'correo-sin-arroba'
[2026-05-19 09:44:33] [INFO] Tres servicios creados correctamente.
[2026-05-19 09:44:33] [ERROR] Servicio inválido: [ServicioNoDisponibleError] La capacidad de la sala debe ser mayor a 0. Recibido: -5
[2026-05-19 09:44:33] [INFO] Cálculo de costos exitoso.
[2026-05-19 09:44:33] [INFO] Reserva confirmada: R001
[2026-05-19 09:44:33] [ERROR] Reserva inválida: [ReservaInvalidaError] La duración debe ser un número entero mayor a 0. Recibido: 0
[2026-05-19 09:44:33] [INFO] Reserva cancelada: R003
[2026-05-19 09:44:33] [ERROR] Excepción encadenada: [ReservaInvalidaError] No se pudo crear reserva porque el cliente es inválido | Causa: [ClienteInvalidoError] Teléfono inválido: 'abc'. Solo se permiten dígitos.
[2026-05-19 09:44:33] [INFO] Sistema finalizado correctamente.
[2026-05-19 10:14:20] [INFO] Cliente registrado: Brucelee Garces
[2026-05-19 10:14:55] [INFO] Servicio creado: Piso 5
[2026-05-19 10:16:17] [INFO] Reserva 001 confirmada.
[2026-05-19 10:20:03] [INFO] Reserva 001 cancelada.
[2026-05-19 10:21:15] [ERROR] [ClienteInvalidoError] ID inválido: El ID de la entidad no puede estar vacío.
